0 info it worked if it ends with ok
1 verbose cli [ 'C:\\Program Files\\nodejs\\node.exe',
1 verbose cli   'C:\\Program Files\\nodejs\\node_modules\\npm\\bin\\npm-cli.js',
1 verbose cli   'install',
1 verbose cli   'package.json' ]
2 info using npm@3.10.9
3 info using node@v6.9.2
4 silly loadCurrentTree Starting
5 silly install loadCurrentTree
6 silly install readLocalPackageData
7 silly fetchPackageMetaData package.json
8 silly fetchOtherPackageData package.json
9 silly cache add args [ 'package.json', null ]
10 verbose cache add spec package.json
11 silly cache add parsed spec Result {
11 silly cache add   raw: 'package.json',
11 silly cache add   scope: null,
11 silly cache add   escapedName: 'package.json',
11 silly cache add   name: null,
11 silly cache add   rawSpec: 'package.json',
11 silly cache add   spec: 'C:\\Users\\vegangavarapu\\Documents\\GitHub\\WhiteBox_Production\\HTML\\developer\\Whitebox_impact\\package.json',
11 silly cache add   type: 'local' }
12 silly addLocalTarball shasum (computed) 6812063691c7092762c22b7b3834c6981f1ef75f
13 verbose addTmpTarball C:\Users\vegangavarapu\Documents\GitHub\WhiteBox_Production\HTML\developer\Whitebox_impact\package.json not in flight; adding
14 verbose correctMkdir C:\Users\vegangavarapu\AppData\Roaming\npm-cache correctMkdir not in flight; initializing
15 verbose addTmpTarball validating metadata from C:\Users\vegangavarapu\Documents\GitHub\WhiteBox_Production\HTML\developer\Whitebox_impact\package.json
16 verbose tar unpack C:\Users\vegangavarapu\Documents\GitHub\WhiteBox_Production\HTML\developer\Whitebox_impact\package.json
17 verbose tar unpacking to C:\Users\VEGANG~1\AppData\Local\Temp\npm-135976-6e93385b\unpack-63901a05
18 silly gentlyRm C:\Users\VEGANG~1\AppData\Local\Temp\npm-135976-6e93385b\unpack-63901a05 is being purged
19 verbose gentlyRm don't care about contents; nuking C:\Users\VEGANG~1\AppData\Local\Temp\npm-135976-6e93385b\unpack-63901a05
20 silly gunzTarPerm modes [ '777', '666' ]
21 error not a package C:\Users\vegangavarapu\Documents\GitHub\WhiteBox_Production\HTML\developer\Whitebox_impact\package.json
22 error addLocal Could not install C:\Users\vegangavarapu\Documents\GitHub\WhiteBox_Production\HTML\developer\Whitebox_impact\package.json
23 silly fetchPackageMetaData Error: ENOENT: no such file or directory, open 'C:\Users\VEGANG~1\AppData\Local\Temp\npm-135976-6e93385b\unpack-63901a05\package.json'
23 silly fetchPackageMetaData     at Error (native)
23 silly fetchPackageMetaData  error for package.json { Error: ENOENT: no such file or directory, open 'C:\Users\VEGANG~1\AppData\Local\Temp\npm-135976-6e93385b\unpack-63901a05\package.json'
23 silly fetchPackageMetaData     at Error (native)
23 silly fetchPackageMetaData   errno: -4058,
23 silly fetchPackageMetaData   code: 'ENOENT',
23 silly fetchPackageMetaData   syscall: 'open',
23 silly fetchPackageMetaData   path: 'C:\\Users\\VEGANG~1\\AppData\\Local\\Temp\\npm-135976-6e93385b\\unpack-63901a05\\package.json' }
24 silly rollbackFailedOptional Starting
25 silly rollbackFailedOptional Finishing
26 silly runTopLevelLifecycles Finishing
27 silly install printInstalled
28 verbose stack Error: ENOENT: no such file or directory, open 'C:\Users\VEGANG~1\AppData\Local\Temp\npm-135976-6e93385b\unpack-63901a05\package.json'
28 verbose stack     at Error (native)
29 verbose cwd C:\Users\vegangavarapu\Documents\GitHub\WhiteBox_Production\HTML\developer\Whitebox_impact
30 error Windows_NT 10.0.10586
31 error argv "C:\\Program Files\\nodejs\\node.exe" "C:\\Program Files\\nodejs\\node_modules\\npm\\bin\\npm-cli.js" "install" "package.json"
32 error node v6.9.2
33 error npm  v3.10.9
34 error path C:\Users\VEGANG~1\AppData\Local\Temp\npm-135976-6e93385b\unpack-63901a05\package.json
35 error code ENOENT
36 error errno -4058
37 error syscall open
38 error enoent ENOENT: no such file or directory, open 'C:\Users\VEGANG~1\AppData\Local\Temp\npm-135976-6e93385b\unpack-63901a05\package.json'
39 error enoent ENOENT: no such file or directory, open 'C:\Users\VEGANG~1\AppData\Local\Temp\npm-135976-6e93385b\unpack-63901a05\package.json'
39 error enoent This is most likely not a problem with npm itself
39 error enoent and is related to npm not being able to find a file.
40 verbose exit [ -4058, true ]
