0 info it worked if it ends with ok
1 verbose cli [ 'C:\\Program Files\\nodejs\\node.exe',
1 verbose cli   'C:\\Program Files\\nodejs\\node_modules\\npm\\bin\\npm-cli.js',
1 verbose cli   'run-script',
1 verbose cli   'dev' ]
2 info using npm@3.10.9
3 info using node@v6.9.2
4 verbose run-script [ 'predev', 'dev', 'postdev' ]
5 info lifecycle HPMinteractive@0.0.1~predev: HPMinteractive@0.0.1
6 silly lifecycle HPMinteractive@0.0.1~predev: no script for predev, continuing
7 info lifecycle HPMinteractive@0.0.1~dev: HPMinteractive@0.0.1
8 verbose lifecycle HPMinteractive@0.0.1~dev: unsafe-perm in lifecycle true
9 verbose lifecycle HPMinteractive@0.0.1~dev: PATH: C:\Program Files\nodejs\node_modules\npm\bin\node-gyp-bin;C:\Users\vegangavarapu\Documents\GitHub\WhiteBox_Production\HTML\developer\ErrorViz\node_modules\.bin;C:\ProgramData\Oracle\Java\javapath;C:\WINDOWS\system32;C:\WINDOWS;C:\WINDOWS\System32\Wbem;C:\Program Files (x86)\Intel\iCLS Client\;C:\Program Files\Intel\iCLS Client\;C:\WINDOWS\system32;C:\WINDOWS;C:\WINDOWS\System32\Wbem;C:\WINDOWS\System32\WindowsPowerShell\v1.0\;C:\Program Files (x86)\Intel\Intel(R) Management Engine Components\DAL;C:\Program Files\Intel\Intel(R) Management Engine Components\DAL;C:\Program Files (x86)\Intel\Intel(R) Management Engine Components\IPT;C:\Program Files\Intel\Intel(R) Management Engine Components\IPT;C:\Program Files\nodejs\;C:\Python27\Scripts\;C:\Program Files (x86)\Bitvise SSH Client;C:\Program Files (x86)\PuTTY\;C:\Program Files (x86)\Microsoft SQL Server\Client SDK\ODBC\130\Tools\Binn\;C:\Program Files (x86)\Microsoft SQL Server\140\Tools\Binn\;C:\Program Files (x86)\Microsoft SQL Server\140\DTS\Binn\;C:\Program Files (x86)\Microsoft SQL Server\140\Tools\Binn\ManagementStudio\;C:\Program Files (x86)\Brackets\command;C:\Users\vegangavarapu\AppData\Local\atom\bin;C:\Users\vegangavarapu\AppData\Roaming\npm
10 verbose lifecycle HPMinteractive@0.0.1~dev: CWD: C:\Users\vegangavarapu\Documents\GitHub\WhiteBox_Production\HTML\developer\ErrorViz
11 silly lifecycle HPMinteractive@0.0.1~dev: Args: [ '/d /s /c',
11 silly lifecycle   'webpack-dev-server --content-base . --output-public-path=/lib/ --inline --hot' ]
12 silly lifecycle HPMinteractive@0.0.1~dev: Returned: code: 1  signal: null
13 info lifecycle HPMinteractive@0.0.1~dev: Failed to exec dev script
14 verbose stack Error: HPMinteractive@0.0.1 dev: `webpack-dev-server --content-base . --output-public-path=/lib/ --inline --hot`
14 verbose stack Exit status 1
14 verbose stack     at EventEmitter.<anonymous> (C:\Program Files\nodejs\node_modules\npm\lib\utils\lifecycle.js:255:16)
14 verbose stack     at emitTwo (events.js:106:13)
14 verbose stack     at EventEmitter.emit (events.js:191:7)
14 verbose stack     at ChildProcess.<anonymous> (C:\Program Files\nodejs\node_modules\npm\lib\utils\spawn.js:40:14)
14 verbose stack     at emitTwo (events.js:106:13)
14 verbose stack     at ChildProcess.emit (events.js:191:7)
14 verbose stack     at maybeClose (internal/child_process.js:877:16)
14 verbose stack     at Process.ChildProcess._handle.onexit (internal/child_process.js:226:5)
15 verbose pkgid HPMinteractive@0.0.1
16 verbose cwd C:\Users\vegangavarapu\Documents\GitHub\WhiteBox_Production\HTML\developer\ErrorViz
17 error Windows_NT 10.0.10586
18 error argv "C:\\Program Files\\nodejs\\node.exe" "C:\\Program Files\\nodejs\\node_modules\\npm\\bin\\npm-cli.js" "run-script" "dev"
19 error node v6.9.2
20 error npm  v3.10.9
21 error code ELIFECYCLE
22 error HPMinteractive@0.0.1 dev: `webpack-dev-server --content-base . --output-public-path=/lib/ --inline --hot`
22 error Exit status 1
23 error Failed at the HPMinteractive@0.0.1 dev script 'webpack-dev-server --content-base . --output-public-path=/lib/ --inline --hot'.
23 error Make sure you have the latest version of node.js and npm installed.
23 error If you do, this is most likely a problem with the HPMinteractive package,
23 error not with npm itself.
23 error Tell the author that this fails on your system:
23 error     webpack-dev-server --content-base . --output-public-path=/lib/ --inline --hot
23 error You can get information on how to open an issue for this project with:
23 error     npm bugs HPMinteractive
23 error Or if that isn't available, you can get their info via:
23 error     npm owner ls HPMinteractive
23 error There is likely additional logging output above.
24 verbose exit [ 1, true ]
